执行日期：2014-09-03-09：46：59
【接收到的notify通知】:
<xml><appid><![CDATA[wxf5b5e87a6a0fde94]]></appid>
<bank_type><![CDATA[CFT]]></bank_type>
<fee_type><![CDATA[CNY]]></fee_type>
<is_subscribe><![CDATA[N]]></is_subscribe>
<mch_id><![CDATA[10000097]]></mch_id>
<nonce_str><![CDATA[dz8nirk7gmxhhxn38zgib28yx14ul2gf]]></nonce_str>
<openid><![CDATA[ozoKAt-MmA74zs7MBafCix6Dg8o0]]></openid>
<out_trade_no><![CDATA[wxf5b5e87a6a0fde941409708791]]></out_trade_no>
<result_code><![CDATA[SUCCESS]]></result_code>
<return_code><![CDATA[SUCCESS]]></return_code>
<sign><![CDATA[EDACA525F6C675337B2DAC25B7145028]]></sign>
<sub_mch_id><![CDATA[10000097]]></sub_mch_id>
<time_end><![CDATA[20140903094659]]></time_end>
<total_fee>1</total_fee>
<trade_type><![CDATA[NATIVE]]></trade_type>
<transaction_id><![CDATA[1004400737201409030005091526]]></transaction_id>
</xml>


执行日期：2014-09-03-09：46：59
【支付成功】:
<xml><appid><![CDATA[wxf5b5e87a6a0fde94]]></appid>
<bank_type><![CDATA[CFT]]></bank_type>
<fee_type><![CDATA[CNY]]></fee_type>
<is_subscribe><![CDATA[N]]></is_subscribe>
<mch_id><![CDATA[10000097]]></mch_id>
<nonce_str><![CDATA[dz8nirk7gmxhhxn38zgib28yx14ul2gf]]></nonce_str>
<openid><![CDATA[ozoKAt-MmA74zs7MBafCix6Dg8o0]]></openid>
<out_trade_no><![CDATA[wxf5b5e87a6a0fde941409708791]]></out_trade_no>
<result_code><![CDATA[SUCCESS]]></result_code>
<return_code><![CDATA[SUCCESS]]></return_code>
<sign><![CDATA[EDACA525F6C675337B2DAC25B7145028]]></sign>
<sub_mch_id><![CDATA[10000097]]></sub_mch_id>
<time_end><![CDATA[20140903094659]]></time_end>
<total_fee>1</total_fee>
<trade_type><![CDATA[NATIVE]]></trade_type>
<transaction_id><![CDATA[1004400737201409030005091526]]></transaction_id>
</xml>


执行日期：2014-09-03-09：52：07
【接收到的notify通知】:



执行日期：2014-09-03-10：15：27
【接收到的notify通知】:



执行日期：2014-09-03-10：25：41
【接收到的notify通知】:
<xml><appid><![CDATA[wxf5b5e87a6a0fde94]]></appid>
<bank_type><![CDATA[CFT]]></bank_type>
<fee_type><![CDATA[CNY]]></fee_type>
<is_subscribe><![CDATA[N]]></is_subscribe>
<mch_id><![CDATA[10000097]]></mch_id>
<nonce_str><![CDATA[l399dq3x98zfnzvkmjyybhfme8xpw9ws]]></nonce_str>
<openid><![CDATA[ozoKAt-MmA74zs7MBafCix6Dg8o0]]></openid>
<out_trade_no><![CDATA[wxf5b5e87a6a0fde941409711119]]></out_trade_no>
<result_code><![CDATA[SUCCESS]]></result_code>
<return_code><![CDATA[SUCCESS]]></return_code>
<sign><![CDATA[0F8620FF980BED05C20AFD78646098E2]]></sign>
<sub_mch_id><![CDATA[10000097]]></sub_mch_id>
<time_end><![CDATA[20140903102540]]></time_end>
<total_fee>1</total_fee>
<trade_type><![CDATA[NATIVE]]></trade_type>
<transaction_id><![CDATA[1004400737201409030005088180]]></transaction_id>
</xml>


执行日期：2014-09-03-10：25：41
【支付成功】:
<xml><appid><![CDATA[wxf5b5e87a6a0fde94]]></appid>
<bank_type><![CDATA[CFT]]></bank_type>
<fee_type><![CDATA[CNY]]></fee_type>
<is_subscribe><![CDATA[N]]></is_subscribe>
<mch_id><![CDATA[10000097]]></mch_id>
<nonce_str><![CDATA[l399dq3x98zfnzvkmjyybhfme8xpw9ws]]></nonce_str>
<openid><![CDATA[ozoKAt-MmA74zs7MBafCix6Dg8o0]]></openid>
<out_trade_no><![CDATA[wxf5b5e87a6a0fde941409711119]]></out_trade_no>
<result_code><![CDATA[SUCCESS]]></result_code>
<return_code><![CDATA[SUCCESS]]></return_code>
<sign><![CDATA[0F8620FF980BED05C20AFD78646098E2]]></sign>
<sub_mch_id><![CDATA[10000097]]></sub_mch_id>
<time_end><![CDATA[20140903102540]]></time_end>
<total_fee>1</total_fee>
<trade_type><![CDATA[NATIVE]]></trade_type>
<transaction_id><![CDATA[1004400737201409030005088180]]></transaction_id>
</xml>


执行日期：2014-09-03-12：58：16
【接收到的notify通知】:
<xml><appid><![CDATA[wxf5b5e87a6a0fde94]]></appid>
<bank_type><![CDATA[CFT]]></bank_type>
<fee_type><![CDATA[CNY]]></fee_type>
<is_subscribe><![CDATA[N]]></is_subscribe>
<mch_id><![CDATA[10000097]]></mch_id>
<nonce_str><![CDATA[zjdmq3zooztpb3t97vs98lu9n82i2w30]]></nonce_str>
<openid><![CDATA[ozoKAt-MmA74zs7MBafCix6Dg8o0]]></openid>
<out_trade_no><![CDATA[wxf5b5e87a6a0fde941409720287]]></out_trade_no>
<result_code><![CDATA[SUCCESS]]></result_code>
<return_code><![CDATA[SUCCESS]]></return_code>
<sign><![CDATA[D1FC9907C663C90441C42F5630EC4BB6]]></sign>
<sub_mch_id><![CDATA[10000097]]></sub_mch_id>
<time_end><![CDATA[20140903125815]]></time_end>
<total_fee>1</total_fee>
<trade_type><![CDATA[NATIVE]]></trade_type>
<transaction_id><![CDATA[1004400737201409030005092546]]></transaction_id>
</xml>


执行日期：2014-09-03-12：58：16
【支付成功】:
<xml><appid><![CDATA[wxf5b5e87a6a0fde94]]></appid>
<bank_type><![CDATA[CFT]]></bank_type>
<fee_type><![CDATA[CNY]]></fee_type>
<is_subscribe><![CDATA[N]]></is_subscribe>
<mch_id><![CDATA[10000097]]></mch_id>
<nonce_str><![CDATA[zjdmq3zooztpb3t97vs98lu9n82i2w30]]></nonce_str>
<openid><![CDATA[ozoKAt-MmA74zs7MBafCix6Dg8o0]]></openid>
<out_trade_no><![CDATA[wxf5b5e87a6a0fde941409720287]]></out_trade_no>
<result_code><![CDATA[SUCCESS]]></result_code>
<return_code><![CDATA[SUCCESS]]></return_code>
<sign><![CDATA[D1FC9907C663C90441C42F5630EC4BB6]]></sign>
<sub_mch_id><![CDATA[10000097]]></sub_mch_id>
<time_end><![CDATA[20140903125815]]></time_end>
<total_fee>1</total_fee>
<trade_type><![CDATA[NATIVE]]></trade_type>
<transaction_id><![CDATA[1004400737201409030005092546]]></transaction_id>
</xml>


执行日期：2014-09-03-12：58：38
【接收到的notify通知】:
<xml><appid><![CDATA[wxf5b5e87a6a0fde94]]></appid>
<bank_type><![CDATA[CFT]]></bank_type>
<fee_type><![CDATA[CNY]]></fee_type>
<is_subscribe><![CDATA[N]]></is_subscribe>
<mch_id><![CDATA[10000097]]></mch_id>
<nonce_str><![CDATA[k1rfe2krf1syhrwvjotk35do3aqgcah3]]></nonce_str>
<openid><![CDATA[ozoKAt-MmA74zs7MBafCix6Dg8o0]]></openid>
<out_trade_no><![CDATA[wxf5b5e87a6a0fde941409720303]]></out_trade_no>
<result_code><![CDATA[SUCCESS]]></result_code>
<return_code><![CDATA[SUCCESS]]></return_code>
<sign><![CDATA[A03C6B584DF1925C6A4FF56A4982F07A]]></sign>
<sub_mch_id><![CDATA[10000097]]></sub_mch_id>
<time_end><![CDATA[20140903125838]]></time_end>
<total_fee>1</total_fee>
<trade_type><![CDATA[NATIVE]]></trade_type>
<transaction_id><![CDATA[1004400737201409030005088363]]></transaction_id>
</xml>


执行日期：2014-09-03-12：58：38
【支付成功】:
<xml><appid><![CDATA[wxf5b5e87a6a0fde94]]></appid>
<bank_type><![CDATA[CFT]]></bank_type>
<fee_type><![CDATA[CNY]]></fee_type>
<is_subscribe><![CDATA[N]]></is_subscribe>
<mch_id><![CDATA[10000097]]></mch_id>
<nonce_str><![CDATA[k1rfe2krf1syhrwvjotk35do3aqgcah3]]></nonce_str>
<openid><![CDATA[ozoKAt-MmA74zs7MBafCix6Dg8o0]]></openid>
<out_trade_no><![CDATA[wxf5b5e87a6a0fde941409720303]]></out_trade_no>
<result_code><![CDATA[SUCCESS]]></result_code>
<return_code><![CDATA[SUCCESS]]></return_code>
<sign><![CDATA[A03C6B584DF1925C6A4FF56A4982F07A]]></sign>
<sub_mch_id><![CDATA[10000097]]></sub_mch_id>
<time_end><![CDATA[20140903125838]]></time_end>
<total_fee>1</total_fee>
<trade_type><![CDATA[NATIVE]]></trade_type>
<transaction_id><![CDATA[1004400737201409030005088363]]></transaction_id>
</xml>


执行日期：2014-09-03-15：23：37
【接收到的notify通知】:
<xml><appid><![CDATA[wxf5b5e87a6a0fde94]]></appid>
<bank_type><![CDATA[CFT]]></bank_type>
<fee_type><![CDATA[CNY]]></fee_type>
<is_subscribe><![CDATA[N]]></is_subscribe>
<mch_id><![CDATA[10000097]]></mch_id>
<nonce_str><![CDATA[visug9gr3d8awvfaudlbrpbfx7aaq1m9]]></nonce_str>
<openid><![CDATA[ozoKAt-MmA74zs7MBafCix6Dg8o0]]></openid>
<out_trade_no><![CDATA[wxf5b5e87a6a0fde941409729008]]></out_trade_no>
<result_code><![CDATA[SUCCESS]]></result_code>
<return_code><![CDATA[SUCCESS]]></return_code>
<sign><![CDATA[04A348DC6D9C0107BB7DE7AACCC500E8]]></sign>
<sub_mch_id><![CDATA[10000097]]></sub_mch_id>
<time_end><![CDATA[20140903152337]]></time_end>
<total_fee>1</total_fee>
<trade_type><![CDATA[JSAPI]]></trade_type>
<transaction_id><![CDATA[1004400737201409030005092382]]></transaction_id>
</xml>


执行日期：2014-09-03-15：23：37
【支付成功】:
<xml><appid><![CDATA[wxf5b5e87a6a0fde94]]></appid>
<bank_type><![CDATA[CFT]]></bank_type>
<fee_type><![CDATA[CNY]]></fee_type>
<is_subscribe><![CDATA[N]]></is_subscribe>
<mch_id><![CDATA[10000097]]></mch_id>
<nonce_str><![CDATA[visug9gr3d8awvfaudlbrpbfx7aaq1m9]]></nonce_str>
<openid><![CDATA[ozoKAt-MmA74zs7MBafCix6Dg8o0]]></openid>
<out_trade_no><![CDATA[wxf5b5e87a6a0fde941409729008]]></out_trade_no>
<result_code><![CDATA[SUCCESS]]></result_code>
<return_code><![CDATA[SUCCESS]]></return_code>
<sign><![CDATA[04A348DC6D9C0107BB7DE7AACCC500E8]]></sign>
<sub_mch_id><![CDATA[10000097]]></sub_mch_id>
<time_end><![CDATA[20140903152337]]></time_end>
<total_fee>1</total_fee>
<trade_type><![CDATA[JSAPI]]></trade_type>
<transaction_id><![CDATA[1004400737201409030005092382]]></transaction_id>
</xml>


执行日期：2014-09-03-16：27：05
【接收到的notify通知】:
<xml><appid><![CDATA[wxf5b5e87a6a0fde94]]></appid>
<bank_type><![CDATA[CFT]]></bank_type>
<fee_type><![CDATA[CNY]]></fee_type>
<is_subscribe><![CDATA[N]]></is_subscribe>
<mch_id><![CDATA[10000097]]></mch_id>
<nonce_str><![CDATA[73ydlecbrc6d9uw1dti78ulqcuytqvrd]]></nonce_str>
<openid><![CDATA[ozoKAt-MmA74zs7MBafCix6Dg8o0]]></openid>
<out_trade_no><![CDATA[wxf5b5e87a6a0fde941409732816]]></out_trade_no>
<result_code><![CDATA[SUCCESS]]></result_code>
<return_code><![CDATA[SUCCESS]]></return_code>
<sign><![CDATA[D9C048A726AB1341E20929A5F9C09076]]></sign>
<sub_mch_id><![CDATA[10000097]]></sub_mch_id>
<time_end><![CDATA[20140903162705]]></time_end>
<total_fee>1</total_fee>
<trade_type><![CDATA[JSAPI]]></trade_type>
<transaction_id><![CDATA[1004400737201409030005092583]]></transaction_id>
</xml>


执行日期：2014-09-03-16：27：05
【支付成功】:
<xml><appid><![CDATA[wxf5b5e87a6a0fde94]]></appid>
<bank_type><![CDATA[CFT]]></bank_type>
<fee_type><![CDATA[CNY]]></fee_type>
<is_subscribe><![CDATA[N]]></is_subscribe>
<mch_id><![CDATA[10000097]]></mch_id>
<nonce_str><![CDATA[73ydlecbrc6d9uw1dti78ulqcuytqvrd]]></nonce_str>
<openid><![CDATA[ozoKAt-MmA74zs7MBafCix6Dg8o0]]></openid>
<out_trade_no><![CDATA[wxf5b5e87a6a0fde941409732816]]></out_trade_no>
<result_code><![CDATA[SUCCESS]]></result_code>
<return_code><![CDATA[SUCCESS]]></return_code>
<sign><![CDATA[D9C048A726AB1341E20929A5F9C09076]]></sign>
<sub_mch_id><![CDATA[10000097]]></sub_mch_id>
<time_end><![CDATA[20140903162705]]></time_end>
<total_fee>1</total_fee>
<trade_type><![CDATA[JSAPI]]></trade_type>
<transaction_id><![CDATA[1004400737201409030005092583]]></transaction_id>
</xml>


执行日期：2014-09-03-16：29：48
【接收到的notify通知】:
<xml><appid><![CDATA[wxf5b5e87a6a0fde94]]></appid>
<bank_type><![CDATA[CFT]]></bank_type>
<fee_type><![CDATA[CNY]]></fee_type>
<is_subscribe><![CDATA[N]]></is_subscribe>
<mch_id><![CDATA[10000097]]></mch_id>
<nonce_str><![CDATA[chb8arfq1tqfzm0c2hbo2awwu9c070pm]]></nonce_str>
<openid><![CDATA[ozoKAt-MmA74zs7MBafCix6Dg8o0]]></openid>
<out_trade_no><![CDATA[wxf5b5e87a6a0fde941409732979]]></out_trade_no>
<result_code><![CDATA[SUCCESS]]></result_code>
<return_code><![CDATA[SUCCESS]]></return_code>
<sign><![CDATA[0882C58B02C6FB1EACD7A024318237DA]]></sign>
<sub_mch_id><![CDATA[10000097]]></sub_mch_id>
<time_end><![CDATA[20140903162947]]></time_end>
<total_fee>1</total_fee>
<trade_type><![CDATA[NATIVE]]></trade_type>
<transaction_id><![CDATA[1004400737201409030005092843]]></transaction_id>
</xml>


执行日期：2014-09-03-16：29：48
【支付成功】:
<xml><appid><![CDATA[wxf5b5e87a6a0fde94]]></appid>
<bank_type><![CDATA[CFT]]></bank_type>
<fee_type><![CDATA[CNY]]></fee_type>
<is_subscribe><![CDATA[N]]></is_subscribe>
<mch_id><![CDATA[10000097]]></mch_id>
<nonce_str><![CDATA[chb8arfq1tqfzm0c2hbo2awwu9c070pm]]></nonce_str>
<openid><![CDATA[ozoKAt-MmA74zs7MBafCix6Dg8o0]]></openid>
<out_trade_no><![CDATA[wxf5b5e87a6a0fde941409732979]]></out_trade_no>
<result_code><![CDATA[SUCCESS]]></result_code>
<return_code><![CDATA[SUCCESS]]></return_code>
<sign><![CDATA[0882C58B02C6FB1EACD7A024318237DA]]></sign>
<sub_mch_id><![CDATA[10000097]]></sub_mch_id>
<time_end><![CDATA[20140903162947]]></time_end>
<total_fee>1</total_fee>
<trade_type><![CDATA[NATIVE]]></trade_type>
<transaction_id><![CDATA[1004400737201409030005092843]]></transaction_id>
</xml>


执行日期：2014-09-03-16：30：10
【接收到的notify通知】:
<xml><appid><![CDATA[wxf5b5e87a6a0fde94]]></appid>
<bank_type><![CDATA[CFT]]></bank_type>
<fee_type><![CDATA[CNY]]></fee_type>
<is_subscribe><![CDATA[N]]></is_subscribe>
<mch_id><![CDATA[10000097]]></mch_id>
<nonce_str><![CDATA[m92hzxx4qg371vdm95sv3i2zh7u9h242]]></nonce_str>
<openid><![CDATA[ozoKAt-MmA74zs7MBafCix6Dg8o0]]></openid>
<out_trade_no><![CDATA[wxf5b5e87a6a0fde941409732994]]></out_trade_no>
<result_code><![CDATA[SUCCESS]]></result_code>
<return_code><![CDATA[SUCCESS]]></return_code>
<sign><![CDATA[1B51E1AA31DB0AB64200E4F75752A610]]></sign>
<sub_mch_id><![CDATA[10000097]]></sub_mch_id>
<time_end><![CDATA[20140903163009]]></time_end>
<total_fee>1</total_fee>
<trade_type><![CDATA[NATIVE]]></trade_type>
<transaction_id><![CDATA[1004400737201409030005093214]]></transaction_id>
</xml>


执行日期：2014-09-03-16：30：10
【支付成功】:
<xml><appid><![CDATA[wxf5b5e87a6a0fde94]]></appid>
<bank_type><![CDATA[CFT]]></bank_type>
<fee_type><![CDATA[CNY]]></fee_type>
<is_subscribe><![CDATA[N]]></is_subscribe>
<mch_id><![CDATA[10000097]]></mch_id>
<nonce_str><![CDATA[m92hzxx4qg371vdm95sv3i2zh7u9h242]]></nonce_str>
<openid><![CDATA[ozoKAt-MmA74zs7MBafCix6Dg8o0]]></openid>
<out_trade_no><![CDATA[wxf5b5e87a6a0fde941409732994]]></out_trade_no>
<result_code><![CDATA[SUCCESS]]></result_code>
<return_code><![CDATA[SUCCESS]]></return_code>
<sign><![CDATA[1B51E1AA31DB0AB64200E4F75752A610]]></sign>
<sub_mch_id><![CDATA[10000097]]></sub_mch_id>
<time_end><![CDATA[20140903163009]]></time_end>
<total_fee>1</total_fee>
<trade_type><![CDATA[NATIVE]]></trade_type>
<transaction_id><![CDATA[1004400737201409030005093214]]></transaction_id>
</xml>


执行日期：2015-05-28-10：05：54
【接收到的notify通知】:
<xml><appid><![CDATA[wxd9558cb2dda3a226]]></appid><attach><![CDATA[token=gh_8b645e2e0db0&wecha_id=o3ZYauOnS_g-qQ9bYISisG2MLfvE&from=]]></attach><bank_type><![CDATA[CCB_DEBIT]]></bank_type><cash_fee><![CDATA[10]]></cash_fee><fee_type><![CDATA[CNY]]></fee_type><is_subscribe><![CDATA[Y]]></is_subscribe><mch_id><![CDATA[10030454]]></mch_id><nonce_str><![CDATA[7zkekerl7ql8e2si56nwpw1rdwk4ssh3]]></nonce_str><openid><![CDATA[o3ZYauOnS_g-qQ9bYISisG2MLfvE]]></openid><out_trade_no><![CDATA[2015052710249529]]></out_trade_no><result_code><![CDATA[SUCCESS]]></result_code><return_code><![CDATA[SUCCESS]]></return_code><sign><![CDATA[3135396EF49FCFA6086DCB4030D23761]]></sign><time_end><![CDATA[20150527193817]]></time_end><total_fee>10</total_fee><trade_type><![CDATA[JSAPI]]></trade_type><transaction_id><![CDATA[1000550374201505270173316539]]></transaction_id></xml>


执行日期：2015-05-28-10：05：54
【支付成功】:
<xml><appid><![CDATA[wxd9558cb2dda3a226]]></appid><attach><![CDATA[token=gh_8b645e2e0db0&wecha_id=o3ZYauOnS_g-qQ9bYISisG2MLfvE&from=]]></attach><bank_type><![CDATA[CCB_DEBIT]]></bank_type><cash_fee><![CDATA[10]]></cash_fee><fee_type><![CDATA[CNY]]></fee_type><is_subscribe><![CDATA[Y]]></is_subscribe><mch_id><![CDATA[10030454]]></mch_id><nonce_str><![CDATA[7zkekerl7ql8e2si56nwpw1rdwk4ssh3]]></nonce_str><openid><![CDATA[o3ZYauOnS_g-qQ9bYISisG2MLfvE]]></openid><out_trade_no><![CDATA[2015052710249529]]></out_trade_no><result_code><![CDATA[SUCCESS]]></result_code><return_code><![CDATA[SUCCESS]]></return_code><sign><![CDATA[3135396EF49FCFA6086DCB4030D23761]]></sign><time_end><![CDATA[20150527193817]]></time_end><total_fee>10</total_fee><trade_type><![CDATA[JSAPI]]></trade_type><transaction_id><![CDATA[1000550374201505270173316539]]></transaction_id></xml>


执行日期：2015-05-28-10：06：59
【接收到的notify通知】:
<xml><appid><![CDATA[wxd9558cb2dda3a226]]></appid><attach><![CDATA[token=gh_8b645e2e0db0&wecha_id=o3ZYauOnS_g-qQ9bYISisG2MLfvE&from=]]></attach><bank_type><![CDATA[CCB_DEBIT]]></bank_type><cash_fee><![CDATA[10]]></cash_fee><fee_type><![CDATA[CNY]]></fee_type><is_subscribe><![CDATA[Y]]></is_subscribe><mch_id><![CDATA[10030454]]></mch_id><nonce_str><![CDATA[7zkekerl7ql8e2si56nwpw1rdwk4ssh3]]></nonce_str><openid><![CDATA[o3ZYauOnS_g-qQ9bYISisG2MLfvE]]></openid><out_trade_no><![CDATA[2015052710249529]]></out_trade_no><result_code><![CDATA[SUCCESS]]></result_code><return_code><![CDATA[SUCCESS]]></return_code><sign><![CDATA[3135396EF49FCFA6086DCB4030D23761]]></sign><time_end><![CDATA[20150527193817]]></time_end><total_fee>10</total_fee><trade_type><![CDATA[JSAPI]]></trade_type><transaction_id><![CDATA[1000550374201505270173316539]]></transaction_id></xml>


执行日期：2015-05-28-10：06：59
【支付成功】:
<xml><appid><![CDATA[wxd9558cb2dda3a226]]></appid><attach><![CDATA[token=gh_8b645e2e0db0&wecha_id=o3ZYauOnS_g-qQ9bYISisG2MLfvE&from=]]></attach><bank_type><![CDATA[CCB_DEBIT]]></bank_type><cash_fee><![CDATA[10]]></cash_fee><fee_type><![CDATA[CNY]]></fee_type><is_subscribe><![CDATA[Y]]></is_subscribe><mch_id><![CDATA[10030454]]></mch_id><nonce_str><![CDATA[7zkekerl7ql8e2si56nwpw1rdwk4ssh3]]></nonce_str><openid><![CDATA[o3ZYauOnS_g-qQ9bYISisG2MLfvE]]></openid><out_trade_no><![CDATA[2015052710249529]]></out_trade_no><result_code><![CDATA[SUCCESS]]></result_code><return_code><![CDATA[SUCCESS]]></return_code><sign><![CDATA[3135396EF49FCFA6086DCB4030D23761]]></sign><time_end><![CDATA[20150527193817]]></time_end><total_fee>10</total_fee><trade_type><![CDATA[JSAPI]]></trade_type><transaction_id><![CDATA[1000550374201505270173316539]]></transaction_id></xml>


执行日期：2015-05-28-10：07：07
【接收到的notify通知】:
<xml><appid><![CDATA[wxd9558cb2dda3a226]]></appid><attach><![CDATA[token=gh_8b645e2e0db0&wecha_id=o3ZYauOnS_g-qQ9bYISisG2MLfvE&from=]]></attach><bank_type><![CDATA[CCB_DEBIT]]></bank_type><cash_fee><![CDATA[10]]></cash_fee><fee_type><![CDATA[CNY]]></fee_type><is_subscribe><![CDATA[Y]]></is_subscribe><mch_id><![CDATA[10030454]]></mch_id><nonce_str><![CDATA[7zkekerl7ql8e2si56nwpw1rdwk4ssh3]]></nonce_str><openid><![CDATA[o3ZYauOnS_g-qQ9bYISisG2MLfvE]]></openid><out_trade_no><![CDATA[2015052710249529]]></out_trade_no><result_code><![CDATA[SUCCESS]]></result_code><return_code><![CDATA[SUCCESS]]></return_code><sign><![CDATA[3135396EF49FCFA6086DCB4030D23761]]></sign><time_end><![CDATA[20150527193817]]></time_end><total_fee>10</total_fee><trade_type><![CDATA[JSAPI]]></trade_type><transaction_id><![CDATA[1000550374201505270173316539]]></transaction_id></xml>


执行日期：2015-05-28-10：07：07
【支付成功】:
<xml><appid><![CDATA[wxd9558cb2dda3a226]]></appid><attach><![CDATA[token=gh_8b645e2e0db0&wecha_id=o3ZYauOnS_g-qQ9bYISisG2MLfvE&from=]]></attach><bank_type><![CDATA[CCB_DEBIT]]></bank_type><cash_fee><![CDATA[10]]></cash_fee><fee_type><![CDATA[CNY]]></fee_type><is_subscribe><![CDATA[Y]]></is_subscribe><mch_id><![CDATA[10030454]]></mch_id><nonce_str><![CDATA[7zkekerl7ql8e2si56nwpw1rdwk4ssh3]]></nonce_str><openid><![CDATA[o3ZYauOnS_g-qQ9bYISisG2MLfvE]]></openid><out_trade_no><![CDATA[2015052710249529]]></out_trade_no><result_code><![CDATA[SUCCESS]]></result_code><return_code><![CDATA[SUCCESS]]></return_code><sign><![CDATA[3135396EF49FCFA6086DCB4030D23761]]></sign><time_end><![CDATA[20150527193817]]></time_end><total_fee>10</total_fee><trade_type><![CDATA[JSAPI]]></trade_type><transaction_id><![CDATA[1000550374201505270173316539]]></transaction_id></xml>


执行日期：2015-05-28-10：07：25
【接收到的notify通知】:
<xml><appid><![CDATA[wxd9558cb2dda3a226]]></appid><attach><![CDATA[token=gh_8b645e2e0db0&wecha_id=o3ZYauOnS_g-qQ9bYISisG2MLfvE&from=]]></attach><bank_type><![CDATA[CCB_DEBIT]]></bank_type><cash_fee><![CDATA[10]]></cash_fee><fee_type><![CDATA[CNY]]></fee_type><is_subscribe><![CDATA[Y]]></is_subscribe><mch_id><![CDATA[10030454]]></mch_id><nonce_str><![CDATA[7zkekerl7ql8e2si56nwpw1rdwk4ssh3]]></nonce_str><openid><![CDATA[o3ZYauOnS_g-qQ9bYISisG2MLfvE]]></openid><out_trade_no><![CDATA[2015052710249529]]></out_trade_no><result_code><![CDATA[SUCCESS]]></result_code><return_code><![CDATA[SUCCESS]]></return_code><sign><![CDATA[3135396EF49FCFA6086DCB4030D23761]]></sign><time_end><![CDATA[20150527193817]]></time_end><total_fee>10</total_fee><trade_type><![CDATA[JSAPI]]></trade_type><transaction_id><![CDATA[1000550374201505270173316539]]></transaction_id></xml>


执行日期：2015-05-28-10：07：25
【支付成功】:
<xml><appid><![CDATA[wxd9558cb2dda3a226]]></appid><attach><![CDATA[token=gh_8b645e2e0db0&wecha_id=o3ZYauOnS_g-qQ9bYISisG2MLfvE&from=]]></attach><bank_type><![CDATA[CCB_DEBIT]]></bank_type><cash_fee><![CDATA[10]]></cash_fee><fee_type><![CDATA[CNY]]></fee_type><is_subscribe><![CDATA[Y]]></is_subscribe><mch_id><![CDATA[10030454]]></mch_id><nonce_str><![CDATA[7zkekerl7ql8e2si56nwpw1rdwk4ssh3]]></nonce_str><openid><![CDATA[o3ZYauOnS_g-qQ9bYISisG2MLfvE]]></openid><out_trade_no><![CDATA[2015052710249529]]></out_trade_no><result_code><![CDATA[SUCCESS]]></result_code><return_code><![CDATA[SUCCESS]]></return_code><sign><![CDATA[3135396EF49FCFA6086DCB4030D23761]]></sign><time_end><![CDATA[20150527193817]]></time_end><total_fee>10</total_fee><trade_type><![CDATA[JSAPI]]></trade_type><transaction_id><![CDATA[1000550374201505270173316539]]></transaction_id></xml>


执行日期：2015-05-28-10：07：27
【接收到的notify通知】:



执行日期：2015-05-28-10：07：30
【接收到的notify通知】:
<xml><appid><![CDATA[wxd9558cb2dda3a226]]></appid><attach><![CDATA[token=gh_8b645e2e0db0&wecha_id=o3ZYauOnS_g-qQ9bYISisG2MLfvE&from=]]></attach><bank_type><![CDATA[CCB_DEBIT]]></bank_type><cash_fee><![CDATA[10]]></cash_fee><fee_type><![CDATA[CNY]]></fee_type><is_subscribe><![CDATA[Y]]></is_subscribe><mch_id><![CDATA[10030454]]></mch_id><nonce_str><![CDATA[7zkekerl7ql8e2si56nwpw1rdwk4ssh3]]></nonce_str><openid><![CDATA[o3ZYauOnS_g-qQ9bYISisG2MLfvE]]></openid><out_trade_no><![CDATA[2015052710249529]]></out_trade_no><result_code><![CDATA[SUCCESS]]></result_code><return_code><![CDATA[SUCCESS]]></return_code><sign><![CDATA[3135396EF49FCFA6086DCB4030D23761]]></sign><time_end><![CDATA[20150527193817]]></time_end><total_fee>10</total_fee><trade_type><![CDATA[JSAPI]]></trade_type><transaction_id><![CDATA[1000550374201505270173316539]]></transaction_id></xml>


执行日期：2015-05-28-10：07：30
【支付成功】:
<xml><appid><![CDATA[wxd9558cb2dda3a226]]></appid><attach><![CDATA[token=gh_8b645e2e0db0&wecha_id=o3ZYauOnS_g-qQ9bYISisG2MLfvE&from=]]></attach><bank_type><![CDATA[CCB_DEBIT]]></bank_type><cash_fee><![CDATA[10]]></cash_fee><fee_type><![CDATA[CNY]]></fee_type><is_subscribe><![CDATA[Y]]></is_subscribe><mch_id><![CDATA[10030454]]></mch_id><nonce_str><![CDATA[7zkekerl7ql8e2si56nwpw1rdwk4ssh3]]></nonce_str><openid><![CDATA[o3ZYauOnS_g-qQ9bYISisG2MLfvE]]></openid><out_trade_no><![CDATA[2015052710249529]]></out_trade_no><result_code><![CDATA[SUCCESS]]></result_code><return_code><![CDATA[SUCCESS]]></return_code><sign><![CDATA[3135396EF49FCFA6086DCB4030D23761]]></sign><time_end><![CDATA[20150527193817]]></time_end><total_fee>10</total_fee><trade_type><![CDATA[JSAPI]]></trade_type><transaction_id><![CDATA[1000550374201505270173316539]]></transaction_id></xml>


执行日期：2015-05-28-10：10：15
【接收到的notify通知】:
<xml><appid><![CDATA[wxd9558cb2dda3a226]]></appid><attach><![CDATA[token=gh_8b645e2e0db0&wecha_id=o3ZYauOnS_g-qQ9bYISisG2MLfvE&from=]]></attach><bank_type><![CDATA[CCB_DEBIT]]></bank_type><cash_fee><![CDATA[10]]></cash_fee><fee_type><![CDATA[CNY]]></fee_type><is_subscribe><![CDATA[Y]]></is_subscribe><mch_id><![CDATA[10030454]]></mch_id><nonce_str><![CDATA[7zkekerl7ql8e2si56nwpw1rdwk4ssh3]]></nonce_str><openid><![CDATA[o3ZYauOnS_g-qQ9bYISisG2MLfvE]]></openid><out_trade_no><![CDATA[2015052710249529]]></out_trade_no><result_code><![CDATA[SUCCESS]]></result_code><return_code><![CDATA[SUCCESS]]></return_code><sign><![CDATA[3135396EF49FCFA6086DCB4030D23761]]></sign><time_end><![CDATA[20150527193817]]></time_end><total_fee>10</total_fee><trade_type><![CDATA[JSAPI]]></trade_type><transaction_id><![CDATA[1000550374201505270173316539]]></transaction_id></xml>


执行日期：2015-05-28-10：10：15
【支付成功】:
<xml><appid><![CDATA[wxd9558cb2dda3a226]]></appid><attach><![CDATA[token=gh_8b645e2e0db0&wecha_id=o3ZYauOnS_g-qQ9bYISisG2MLfvE&from=]]></attach><bank_type><![CDATA[CCB_DEBIT]]></bank_type><cash_fee><![CDATA[10]]></cash_fee><fee_type><![CDATA[CNY]]></fee_type><is_subscribe><![CDATA[Y]]></is_subscribe><mch_id><![CDATA[10030454]]></mch_id><nonce_str><![CDATA[7zkekerl7ql8e2si56nwpw1rdwk4ssh3]]></nonce_str><openid><![CDATA[o3ZYauOnS_g-qQ9bYISisG2MLfvE]]></openid><out_trade_no><![CDATA[2015052710249529]]></out_trade_no><result_code><![CDATA[SUCCESS]]></result_code><return_code><![CDATA[SUCCESS]]></return_code><sign><![CDATA[3135396EF49FCFA6086DCB4030D23761]]></sign><time_end><![CDATA[20150527193817]]></time_end><total_fee>10</total_fee><trade_type><![CDATA[JSAPI]]></trade_type><transaction_id><![CDATA[1000550374201505270173316539]]></transaction_id></xml>
<xml><return_code><![CDATA[SUCCESS]]></return_code></xml>

执行日期：2015-05-28-10：21：53
【接收到的notify通知】:
<xml><appid><![CDATA[wxd9558cb2dda3a226]]></appid><attach><![CDATA[token=gh_8b645e2e0db0&wecha_id=o3ZYauOnS_g-qQ9bYISisG2MLfvE&from=]]></attach><bank_type><![CDATA[CCB_DEBIT]]></bank_type><cash_fee><![CDATA[10]]></cash_fee><fee_type><![CDATA[CNY]]></fee_type><is_subscribe><![CDATA[Y]]></is_subscribe><mch_id><![CDATA[10030454]]></mch_id><nonce_str><![CDATA[7zkekerl7ql8e2si56nwpw1rdwk4ssh3]]></nonce_str><openid><![CDATA[o3ZYauOnS_g-qQ9bYISisG2MLfvE]]></openid><out_trade_no><![CDATA[2015052710249529]]></out_trade_no><result_code><![CDATA[SUCCESS]]></result_code><return_code><![CDATA[SUCCESS]]></return_code><sign><![CDATA[3135396EF49FCFA6086DCB4030D23761]]></sign><time_end><![CDATA[20150527193817]]></time_end><total_fee>10</total_fee><trade_type><![CDATA[JSAPI]]></trade_type><transaction_id><![CDATA[1000550374201505270173316539]]></transaction_id></xml>


执行日期：2015-05-28-10：21：53
【支付成功】:
<xml><appid><![CDATA[wxd9558cb2dda3a226]]></appid><attach><![CDATA[token=gh_8b645e2e0db0&wecha_id=o3ZYauOnS_g-qQ9bYISisG2MLfvE&from=]]></attach><bank_type><![CDATA[CCB_DEBIT]]></bank_type><cash_fee><![CDATA[10]]></cash_fee><fee_type><![CDATA[CNY]]></fee_type><is_subscribe><![CDATA[Y]]></is_subscribe><mch_id><![CDATA[10030454]]></mch_id><nonce_str><![CDATA[7zkekerl7ql8e2si56nwpw1rdwk4ssh3]]></nonce_str><openid><![CDATA[o3ZYauOnS_g-qQ9bYISisG2MLfvE]]></openid><out_trade_no><![CDATA[2015052710249529]]></out_trade_no><result_code><![CDATA[SUCCESS]]></result_code><return_code><![CDATA[SUCCESS]]></return_code><sign><![CDATA[3135396EF49FCFA6086DCB4030D23761]]></sign><time_end><![CDATA[20150527193817]]></time_end><total_fee>10</total_fee><trade_type><![CDATA[JSAPI]]></trade_type><transaction_id><![CDATA[1000550374201505270173316539]]></transaction_id></xml>
<xml><return_code><![CDATA[SUCCESS]]></return_code></xml>

执行日期：2015-05-28-10：24：11
【接收到的notify通知】:
<xml><appid><![CDATA[wxd9558cb2dda3a226]]></appid><attach><![CDATA[token=gh_8b645e2e0db0&wecha_id=o3ZYauOnS_g-qQ9bYISisG2MLfvE&from=]]></attach><bank_type><![CDATA[CCB_DEBIT]]></bank_type><cash_fee><![CDATA[10]]></cash_fee><fee_type><![CDATA[CNY]]></fee_type><is_subscribe><![CDATA[Y]]></is_subscribe><mch_id><![CDATA[10030454]]></mch_id><nonce_str><![CDATA[7zkekerl7ql8e2si56nwpw1rdwk4ssh3]]></nonce_str><openid><![CDATA[o3ZYauOnS_g-qQ9bYISisG2MLfvE]]></openid><out_trade_no><![CDATA[2015052710249529]]></out_trade_no><result_code><![CDATA[SUCCESS]]></result_code><return_code><![CDATA[SUCCESS]]></return_code><sign><![CDATA[3135396EF49FCFA6086DCB4030D23761]]></sign><time_end><![CDATA[20150527193817]]></time_end><total_fee>10</total_fee><trade_type><![CDATA[JSAPI]]></trade_type><transaction_id><![CDATA[1000550374201505270173316539]]></transaction_id></xml>


执行日期：2015-05-28-10：24：11
【支付成功】:
<xml><appid><![CDATA[wxd9558cb2dda3a226]]></appid><attach><![CDATA[token=gh_8b645e2e0db0&wecha_id=o3ZYauOnS_g-qQ9bYISisG2MLfvE&from=]]></attach><bank_type><![CDATA[CCB_DEBIT]]></bank_type><cash_fee><![CDATA[10]]></cash_fee><fee_type><![CDATA[CNY]]></fee_type><is_subscribe><![CDATA[Y]]></is_subscribe><mch_id><![CDATA[10030454]]></mch_id><nonce_str><![CDATA[7zkekerl7ql8e2si56nwpw1rdwk4ssh3]]></nonce_str><openid><![CDATA[o3ZYauOnS_g-qQ9bYISisG2MLfvE]]></openid><out_trade_no><![CDATA[2015052710249529]]></out_trade_no><result_code><![CDATA[SUCCESS]]></result_code><return_code><![CDATA[SUCCESS]]></return_code><sign><![CDATA[3135396EF49FCFA6086DCB4030D23761]]></sign><time_end><![CDATA[20150527193817]]></time_end><total_fee>10</total_fee><trade_type><![CDATA[JSAPI]]></trade_type><transaction_id><![CDATA[1000550374201505270173316539]]></transaction_id></xml>
<xml><return_code><![CDATA[SUCCESS]]></return_code></xml>

执行日期：2015-05-28-10：24：23
【接收到的notify通知】:
<xml><appid><![CDATA[wxd9558cb2dda3a226]]></appid><attach><![CDATA[token=gh_8b645e2e0db0&wecha_id=o3ZYauOnS_g-qQ9bYISisG2MLfvE&from=]]></attach><bank_type><![CDATA[CCB_DEBIT]]></bank_type><cash_fee><![CDATA[10]]></cash_fee><fee_type><![CDATA[CNY]]></fee_type><is_subscribe><![CDATA[Y]]></is_subscribe><mch_id><![CDATA[10030454]]></mch_id><nonce_str><![CDATA[7zkekerl7ql8e2si56nwpw1rdwk4ssh3]]></nonce_str><openid><![CDATA[o3ZYauOnS_g-qQ9bYISisG2MLfvE]]></openid><out_trade_no><![CDATA[2015052710249529]]></out_trade_no><result_code><![CDATA[SUCCESS]]></result_code><return_code><![CDATA[SUCCESS]]></return_code><sign><![CDATA[3135396EF49FCFA6086DCB4030D23761]]></sign><time_end><![CDATA[20150527193817]]></time_end><total_fee>10</total_fee><trade_type><![CDATA[JSAPI]]></trade_type><transaction_id><![CDATA[1000550374201505270173316539]]></transaction_id></xml>


执行日期：2015-05-28-10：24：23
【支付成功】:
<xml><appid><![CDATA[wxd9558cb2dda3a226]]></appid><attach><![CDATA[token=gh_8b645e2e0db0&wecha_id=o3ZYauOnS_g-qQ9bYISisG2MLfvE&from=]]></attach><bank_type><![CDATA[CCB_DEBIT]]></bank_type><cash_fee><![CDATA[10]]></cash_fee><fee_type><![CDATA[CNY]]></fee_type><is_subscribe><![CDATA[Y]]></is_subscribe><mch_id><![CDATA[10030454]]></mch_id><nonce_str><![CDATA[7zkekerl7ql8e2si56nwpw1rdwk4ssh3]]></nonce_str><openid><![CDATA[o3ZYauOnS_g-qQ9bYISisG2MLfvE]]></openid><out_trade_no><![CDATA[2015052710249529]]></out_trade_no><result_code><![CDATA[SUCCESS]]></result_code><return_code><![CDATA[SUCCESS]]></return_code><sign><![CDATA[3135396EF49FCFA6086DCB4030D23761]]></sign><time_end><![CDATA[20150527193817]]></time_end><total_fee>10</total_fee><trade_type><![CDATA[JSAPI]]></trade_type><transaction_id><![CDATA[1000550374201505270173316539]]></transaction_id></xml>
<xml><return_code><![CDATA[SUCCESS]]></return_code></xml>

执行日期：2015-05-28-10：26：06
【接收到的notify通知】:
<xml><appid><![CDATA[wxd9558cb2dda3a226]]></appid><attach><![CDATA[token=gh_8b645e2e0db0&wecha_id=o3ZYauOnS_g-qQ9bYISisG2MLfvE&from=]]></attach><bank_type><![CDATA[CCB_DEBIT]]></bank_type><cash_fee><![CDATA[10]]></cash_fee><fee_type><![CDATA[CNY]]></fee_type><is_subscribe><![CDATA[Y]]></is_subscribe><mch_id><![CDATA[10030454]]></mch_id><nonce_str><![CDATA[7zkekerl7ql8e2si56nwpw1rdwk4ssh3]]></nonce_str><openid><![CDATA[o3ZYauOnS_g-qQ9bYISisG2MLfvE]]></openid><out_trade_no><![CDATA[2015052710249529]]></out_trade_no><result_code><![CDATA[SUCCESS]]></result_code><return_code><![CDATA[SUCCESS]]></return_code><sign><![CDATA[3135396EF49FCFA6086DCB4030D23761]]></sign><time_end><![CDATA[20150527193817]]></time_end><total_fee>10</total_fee><trade_type><![CDATA[JSAPI]]></trade_type><transaction_id><![CDATA[1000550374201505270173316539]]></transaction_id></xml>


执行日期：2015-05-28-10：26：06
【支付成功】:
<xml><appid><![CDATA[wxd9558cb2dda3a226]]></appid><attach><![CDATA[token=gh_8b645e2e0db0&wecha_id=o3ZYauOnS_g-qQ9bYISisG2MLfvE&from=]]></attach><bank_type><![CDATA[CCB_DEBIT]]></bank_type><cash_fee><![CDATA[10]]></cash_fee><fee_type><![CDATA[CNY]]></fee_type><is_subscribe><![CDATA[Y]]></is_subscribe><mch_id><![CDATA[10030454]]></mch_id><nonce_str><![CDATA[7zkekerl7ql8e2si56nwpw1rdwk4ssh3]]></nonce_str><openid><![CDATA[o3ZYauOnS_g-qQ9bYISisG2MLfvE]]></openid><out_trade_no><![CDATA[2015052710249529]]></out_trade_no><result_code><![CDATA[SUCCESS]]></result_code><return_code><![CDATA[SUCCESS]]></return_code><sign><![CDATA[3135396EF49FCFA6086DCB4030D23761]]></sign><time_end><![CDATA[20150527193817]]></time_end><total_fee>10</total_fee><trade_type><![CDATA[JSAPI]]></trade_type><transaction_id><![CDATA[1000550374201505270173316539]]></transaction_id></xml>
<xml><return_code><![CDATA[SUCCESS]]></return_code></xml>

执行日期：2015-05-28-10：27：00
【接收到的notify通知】:
<xml><appid><![CDATA[wxd9558cb2dda3a226]]></appid><attach><![CDATA[token=gh_8b645e2e0db0&wecha_id=o3ZYauOnS_g-qQ9bYISisG2MLfvE&from=]]></attach><bank_type><![CDATA[CCB_DEBIT]]></bank_type><cash_fee><![CDATA[10]]></cash_fee><fee_type><![CDATA[CNY]]></fee_type><is_subscribe><![CDATA[Y]]></is_subscribe><mch_id><![CDATA[10030454]]></mch_id><nonce_str><![CDATA[7zkekerl7ql8e2si56nwpw1rdwk4ssh3]]></nonce_str><openid><![CDATA[o3ZYauOnS_g-qQ9bYISisG2MLfvE]]></openid><out_trade_no><![CDATA[2015052710249529]]></out_trade_no><result_code><![CDATA[SUCCESS]]></result_code><return_code><![CDATA[SUCCESS]]></return_code><sign><![CDATA[3135396EF49FCFA6086DCB4030D23761]]></sign><time_end><![CDATA[20150527193817]]></time_end><total_fee>10</total_fee><trade_type><![CDATA[JSAPI]]></trade_type><transaction_id><![CDATA[1000550374201505270173316539]]></transaction_id></xml>


执行日期：2015-05-28-10：27：00
【支付成功】:
<xml><appid><![CDATA[wxd9558cb2dda3a226]]></appid><attach><![CDATA[token=gh_8b645e2e0db0&wecha_id=o3ZYauOnS_g-qQ9bYISisG2MLfvE&from=]]></attach><bank_type><![CDATA[CCB_DEBIT]]></bank_type><cash_fee><![CDATA[10]]></cash_fee><fee_type><![CDATA[CNY]]></fee_type><is_subscribe><![CDATA[Y]]></is_subscribe><mch_id><![CDATA[10030454]]></mch_id><nonce_str><![CDATA[7zkekerl7ql8e2si56nwpw1rdwk4ssh3]]></nonce_str><openid><![CDATA[o3ZYauOnS_g-qQ9bYISisG2MLfvE]]></openid><out_trade_no><![CDATA[2015052710249529]]></out_trade_no><result_code><![CDATA[SUCCESS]]></result_code><return_code><![CDATA[SUCCESS]]></return_code><sign><![CDATA[3135396EF49FCFA6086DCB4030D23761]]></sign><time_end><![CDATA[20150527193817]]></time_end><total_fee>10</total_fee><trade_type><![CDATA[JSAPI]]></trade_type><transaction_id><![CDATA[1000550374201505270173316539]]></transaction_id></xml>


执行日期：2015-05-28-10：27：19
【接收到的notify通知】:
<xml><appid><![CDATA[wxd9558cb2dda3a226]]></appid><attach><![CDATA[token=gh_8b645e2e0db0&wecha_id=o3ZYauOnS_g-qQ9bYISisG2MLfvE&from=]]></attach><bank_type><![CDATA[CCB_DEBIT]]></bank_type><cash_fee><![CDATA[10]]></cash_fee><fee_type><![CDATA[CNY]]></fee_type><is_subscribe><![CDATA[Y]]></is_subscribe><mch_id><![CDATA[10030454]]></mch_id><nonce_str><![CDATA[7zkekerl7ql8e2si56nwpw1rdwk4ssh3]]></nonce_str><openid><![CDATA[o3ZYauOnS_g-qQ9bYISisG2MLfvE]]></openid><out_trade_no><![CDATA[2015052710249529]]></out_trade_no><result_code><![CDATA[SUCCESS]]></result_code><return_code><![CDATA[SUCCESS]]></return_code><sign><![CDATA[3135396EF49FCFA6086DCB4030D23761]]></sign><time_end><![CDATA[20150527193817]]></time_end><total_fee>10</total_fee><trade_type><![CDATA[JSAPI]]></trade_type><transaction_id><![CDATA[1000550374201505270173316539]]></transaction_id></xml>


执行日期：2015-05-28-10：27：19
【支付成功】:
<xml><appid><![CDATA[wxd9558cb2dda3a226]]></appid><attach><![CDATA[token=gh_8b645e2e0db0&wecha_id=o3ZYauOnS_g-qQ9bYISisG2MLfvE&from=]]></attach><bank_type><![CDATA[CCB_DEBIT]]></bank_type><cash_fee><![CDATA[10]]></cash_fee><fee_type><![CDATA[CNY]]></fee_type><is_subscribe><![CDATA[Y]]></is_subscribe><mch_id><![CDATA[10030454]]></mch_id><nonce_str><![CDATA[7zkekerl7ql8e2si56nwpw1rdwk4ssh3]]></nonce_str><openid><![CDATA[o3ZYauOnS_g-qQ9bYISisG2MLfvE]]></openid><out_trade_no><![CDATA[2015052710249529]]></out_trade_no><result_code><![CDATA[SUCCESS]]></result_code><return_code><![CDATA[SUCCESS]]></return_code><sign><![CDATA[3135396EF49FCFA6086DCB4030D23761]]></sign><time_end><![CDATA[20150527193817]]></time_end><total_fee>10</total_fee><trade_type><![CDATA[JSAPI]]></trade_type><transaction_id><![CDATA[1000550374201505270173316539]]></transaction_id></xml>


执行日期：2015-05-28-10：30：36
【接收到的notify通知】:
<xml><appid><![CDATA[wxd9558cb2dda3a226]]></appid><attach><![CDATA[token=gh_8b645e2e0db0&wecha_id=o3ZYauOnS_g-qQ9bYISisG2MLfvE&from=]]></attach><bank_type><![CDATA[CCB_DEBIT]]></bank_type><cash_fee><![CDATA[10]]></cash_fee><fee_type><![CDATA[CNY]]></fee_type><is_subscribe><![CDATA[Y]]></is_subscribe><mch_id><![CDATA[10030454]]></mch_id><nonce_str><![CDATA[7zkekerl7ql8e2si56nwpw1rdwk4ssh3]]></nonce_str><openid><![CDATA[o3ZYauOnS_g-qQ9bYISisG2MLfvE]]></openid><out_trade_no><![CDATA[2015052710249529]]></out_trade_no><result_code><![CDATA[SUCCESS]]></result_code><return_code><![CDATA[SUCCESS]]></return_code><sign><![CDATA[3135396EF49FCFA6086DCB4030D23761]]></sign><time_end><![CDATA[20150527193817]]></time_end><total_fee>10</total_fee><trade_type><![CDATA[JSAPI]]></trade_type><transaction_id><![CDATA[1000550374201505270173316539]]></transaction_id></xml>


执行日期：2015-05-28-10：30：36
【支付成功】:
<xml><appid><![CDATA[wxd9558cb2dda3a226]]></appid><attach><![CDATA[token=gh_8b645e2e0db0&wecha_id=o3ZYauOnS_g-qQ9bYISisG2MLfvE&from=]]></attach><bank_type><![CDATA[CCB_DEBIT]]></bank_type><cash_fee><![CDATA[10]]></cash_fee><fee_type><![CDATA[CNY]]></fee_type><is_subscribe><![CDATA[Y]]></is_subscribe><mch_id><![CDATA[10030454]]></mch_id><nonce_str><![CDATA[7zkekerl7ql8e2si56nwpw1rdwk4ssh3]]></nonce_str><openid><![CDATA[o3ZYauOnS_g-qQ9bYISisG2MLfvE]]></openid><out_trade_no><![CDATA[2015052710249529]]></out_trade_no><result_code><![CDATA[SUCCESS]]></result_code><return_code><![CDATA[SUCCESS]]></return_code><sign><![CDATA[3135396EF49FCFA6086DCB4030D23761]]></sign><time_end><![CDATA[20150527193817]]></time_end><total_fee>10</total_fee><trade_type><![CDATA[JSAPI]]></trade_type><transaction_id><![CDATA[1000550374201505270173316539]]></transaction_id></xml>


执行日期：2015-05-28-10：36：49
【接收到的notify通知】:
<xml><appid><![CDATA[wxd9558cb2dda3a226]]></appid><attach><![CDATA[token=gh_8b645e2e0db0&wecha_id=o3ZYauOnS_g-qQ9bYISisG2MLfvE&from=]]></attach><bank_type><![CDATA[CCB_DEBIT]]></bank_type><cash_fee><![CDATA[10]]></cash_fee><fee_type><![CDATA[CNY]]></fee_type><is_subscribe><![CDATA[Y]]></is_subscribe><mch_id><![CDATA[10030454]]></mch_id><nonce_str><![CDATA[7zkekerl7ql8e2si56nwpw1rdwk4ssh3]]></nonce_str><openid><![CDATA[o3ZYauOnS_g-qQ9bYISisG2MLfvE]]></openid><out_trade_no><![CDATA[2015052710249529]]></out_trade_no><result_code><![CDATA[SUCCESS]]></result_code><return_code><![CDATA[SUCCESS]]></return_code><sign><![CDATA[3135396EF49FCFA6086DCB4030D23761]]></sign><time_end><![CDATA[20150527193817]]></time_end><total_fee>10</total_fee><trade_type><![CDATA[JSAPI]]></trade_type><transaction_id><![CDATA[1000550374201505270173316539]]></transaction_id></xml>


执行日期：2015-05-28-10：36：49
【支付成功】:
<xml><appid><![CDATA[wxd9558cb2dda3a226]]></appid><attach><![CDATA[token=gh_8b645e2e0db0&wecha_id=o3ZYauOnS_g-qQ9bYISisG2MLfvE&from=]]></attach><bank_type><![CDATA[CCB_DEBIT]]></bank_type><cash_fee><![CDATA[10]]></cash_fee><fee_type><![CDATA[CNY]]></fee_type><is_subscribe><![CDATA[Y]]></is_subscribe><mch_id><![CDATA[10030454]]></mch_id><nonce_str><![CDATA[7zkekerl7ql8e2si56nwpw1rdwk4ssh3]]></nonce_str><openid><![CDATA[o3ZYauOnS_g-qQ9bYISisG2MLfvE]]></openid><out_trade_no><![CDATA[2015052710249529]]></out_trade_no><result_code><![CDATA[SUCCESS]]></result_code><return_code><![CDATA[SUCCESS]]></return_code><sign><![CDATA[3135396EF49FCFA6086DCB4030D23761]]></sign><time_end><![CDATA[20150527193817]]></time_end><total_fee>10</total_fee><trade_type><![CDATA[JSAPI]]></trade_type><transaction_id><![CDATA[1000550374201505270173316539]]></transaction_id></xml>


执行日期：2015-05-28-10：38：15
【接收到的notify通知】:
<xml><appid><![CDATA[wxd9558cb2dda3a226]]></appid><attach><![CDATA[token=gh_8b645e2e0db0&wecha_id=o3ZYauOnS_g-qQ9bYISisG2MLfvE&from=]]></attach><bank_type><![CDATA[CCB_DEBIT]]></bank_type><cash_fee><![CDATA[10]]></cash_fee><fee_type><![CDATA[CNY]]></fee_type><is_subscribe><![CDATA[Y]]></is_subscribe><mch_id><![CDATA[10030454]]></mch_id><nonce_str><![CDATA[7zkekerl7ql8e2si56nwpw1rdwk4ssh3]]></nonce_str><openid><![CDATA[o3ZYauOnS_g-qQ9bYISisG2MLfvE]]></openid><out_trade_no><![CDATA[2015052710249529]]></out_trade_no><result_code><![CDATA[SUCCESS]]></result_code><return_code><![CDATA[SUCCESS]]></return_code><sign><![CDATA[3135396EF49FCFA6086DCB4030D23761]]></sign><time_end><![CDATA[20150527193817]]></time_end><total_fee>10</total_fee><trade_type><![CDATA[JSAPI]]></trade_type><transaction_id><![CDATA[1000550374201505270173316539]]></transaction_id></xml>


执行日期：2015-05-28-10：38：15
【支付成功】:
<xml><appid><![CDATA[wxd9558cb2dda3a226]]></appid><attach><![CDATA[token=gh_8b645e2e0db0&wecha_id=o3ZYauOnS_g-qQ9bYISisG2MLfvE&from=]]></attach><bank_type><![CDATA[CCB_DEBIT]]></bank_type><cash_fee><![CDATA[10]]></cash_fee><fee_type><![CDATA[CNY]]></fee_type><is_subscribe><![CDATA[Y]]></is_subscribe><mch_id><![CDATA[10030454]]></mch_id><nonce_str><![CDATA[7zkekerl7ql8e2si56nwpw1rdwk4ssh3]]></nonce_str><openid><![CDATA[o3ZYauOnS_g-qQ9bYISisG2MLfvE]]></openid><out_trade_no><![CDATA[2015052710249529]]></out_trade_no><result_code><![CDATA[SUCCESS]]></result_code><return_code><![CDATA[SUCCESS]]></return_code><sign><![CDATA[3135396EF49FCFA6086DCB4030D23761]]></sign><time_end><![CDATA[20150527193817]]></time_end><total_fee>10</total_fee><trade_type><![CDATA[JSAPI]]></trade_type><transaction_id><![CDATA[1000550374201505270173316539]]></transaction_id></xml>


执行日期：2015-05-28-10：40：36
【接收到的notify通知】:
<xml><appid><![CDATA[wxd9558cb2dda3a226]]></appid><attach><![CDATA[token=gh_8b645e2e0db0&wecha_id=o3ZYauOnS_g-qQ9bYISisG2MLfvE&from=]]></attach><bank_type><![CDATA[CCB_DEBIT]]></bank_type><cash_fee><![CDATA[10]]></cash_fee><fee_type><![CDATA[CNY]]></fee_type><is_subscribe><![CDATA[Y]]></is_subscribe><mch_id><![CDATA[10030454]]></mch_id><nonce_str><![CDATA[7zkekerl7ql8e2si56nwpw1rdwk4ssh3]]></nonce_str><openid><![CDATA[o3ZYauOnS_g-qQ9bYISisG2MLfvE]]></openid><out_trade_no><![CDATA[2015052710249529]]></out_trade_no><result_code><![CDATA[SUCCESS]]></result_code><return_code><![CDATA[SUCCESS]]></return_code><sign><![CDATA[3135396EF49FCFA6086DCB4030D23761]]></sign><time_end><![CDATA[20150527193817]]></time_end><total_fee>10</total_fee><trade_type><![CDATA[JSAPI]]></trade_type><transaction_id><![CDATA[1000550374201505270173316539]]></transaction_id></xml>


执行日期：2015-05-28-10：40：36
【支付成功】:
<xml><appid><![CDATA[wxd9558cb2dda3a226]]></appid><attach><![CDATA[token=gh_8b645e2e0db0&wecha_id=o3ZYauOnS_g-qQ9bYISisG2MLfvE&from=]]></attach><bank_type><![CDATA[CCB_DEBIT]]></bank_type><cash_fee><![CDATA[10]]></cash_fee><fee_type><![CDATA[CNY]]></fee_type><is_subscribe><![CDATA[Y]]></is_subscribe><mch_id><![CDATA[10030454]]></mch_id><nonce_str><![CDATA[7zkekerl7ql8e2si56nwpw1rdwk4ssh3]]></nonce_str><openid><![CDATA[o3ZYauOnS_g-qQ9bYISisG2MLfvE]]></openid><out_trade_no><![CDATA[2015052710249529]]></out_trade_no><result_code><![CDATA[SUCCESS]]></result_code><return_code><![CDATA[SUCCESS]]></return_code><sign><![CDATA[3135396EF49FCFA6086DCB4030D23761]]></sign><time_end><![CDATA[20150527193817]]></time_end><total_fee>10</total_fee><trade_type><![CDATA[JSAPI]]></trade_type><transaction_id><![CDATA[1000550374201505270173316539]]></transaction_id></xml>


执行日期：2015-05-28-17：56：25
【接收到的notify通知】:
<xml><appid><![CDATA[wxd9558cb2dda3a226]]></appid><attach><![CDATA[token=gh_8b645e2e0db0&wecha_id=o3ZYauOnS_g-qQ9bYISisG2MLfvE&from=]]></attach><bank_type><![CDATA[CCB_DEBIT]]></bank_type><cash_fee><![CDATA[10]]></cash_fee><fee_type><![CDATA[CNY]]></fee_type><is_subscribe><![CDATA[Y]]></is_subscribe><mch_id><![CDATA[10030454]]></mch_id><nonce_str><![CDATA[7zkekerl7ql8e2si56nwpw1rdwk4ssh3]]></nonce_str><openid><![CDATA[o3ZYauOnS_g-qQ9bYISisG2MLfvE]]></openid><out_trade_no><![CDATA[2015052710249529]]></out_trade_no><result_code><![CDATA[SUCCESS]]></result_code><return_code><![CDATA[SUCCESS]]></return_code><sign><![CDATA[3135396EF49FCFA6086DCB4030D23761]]></sign><time_end><![CDATA[20150527193817]]></time_end><total_fee>10</total_fee><trade_type><![CDATA[JSAPI]]></trade_type><transaction_id><![CDATA[1000550374201505270173316539]]></transaction_id></xml>


执行日期：2015-05-28-17：56：25
【支付成功】:
<xml><appid><![CDATA[wxd9558cb2dda3a226]]></appid><attach><![CDATA[token=gh_8b645e2e0db0&wecha_id=o3ZYauOnS_g-qQ9bYISisG2MLfvE&from=]]></attach><bank_type><![CDATA[CCB_DEBIT]]></bank_type><cash_fee><![CDATA[10]]></cash_fee><fee_type><![CDATA[CNY]]></fee_type><is_subscribe><![CDATA[Y]]></is_subscribe><mch_id><![CDATA[10030454]]></mch_id><nonce_str><![CDATA[7zkekerl7ql8e2si56nwpw1rdwk4ssh3]]></nonce_str><openid><![CDATA[o3ZYauOnS_g-qQ9bYISisG2MLfvE]]></openid><out_trade_no><![CDATA[2015052710249529]]></out_trade_no><result_code><![CDATA[SUCCESS]]></result_code><return_code><![CDATA[SUCCESS]]></return_code><sign><![CDATA[3135396EF49FCFA6086DCB4030D23761]]></sign><time_end><![CDATA[20150527193817]]></time_end><total_fee>10</total_fee><trade_type><![CDATA[JSAPI]]></trade_type><transaction_id><![CDATA[1000550374201505270173316539]]></transaction_id></xml>


执行日期：2015-05-28-17：56：37
【接收到的notify通知】:
<xml><appid><![CDATA[wxd9558cb2dda3a226]]></appid><attach><![CDATA[token=gh_8b645e2e0db0&wecha_id=o3ZYauOnS_g-qQ9bYISisG2MLfvE&from=]]></attach><bank_type><![CDATA[CCB_DEBIT]]></bank_type><cash_fee><![CDATA[10]]></cash_fee><fee_type><![CDATA[CNY]]></fee_type><is_subscribe><![CDATA[Y]]></is_subscribe><mch_id><![CDATA[10030454]]></mch_id><nonce_str><![CDATA[7zkekerl7ql8e2si56nwpw1rdwk4ssh3]]></nonce_str><openid><![CDATA[o3ZYauOnS_g-qQ9bYISisG2MLfvE]]></openid><out_trade_no><![CDATA[2015052710249529]]></out_trade_no><result_code><![CDATA[SUCCESS]]></result_code><return_code><![CDATA[SUCCESS]]></return_code><sign><![CDATA[3135396EF49FCFA6086DCB4030D23761]]></sign><time_end><![CDATA[20150527193817]]></time_end><total_fee>10</total_fee><trade_type><![CDATA[JSAPI]]></trade_type><transaction_id><![CDATA[1000550374201505270173316539]]></transaction_id></xml>


执行日期：2015-05-28-17：56：37
【支付成功】:
<xml><appid><![CDATA[wxd9558cb2dda3a226]]></appid><attach><![CDATA[token=gh_8b645e2e0db0&wecha_id=o3ZYauOnS_g-qQ9bYISisG2MLfvE&from=]]></attach><bank_type><![CDATA[CCB_DEBIT]]></bank_type><cash_fee><![CDATA[10]]></cash_fee><fee_type><![CDATA[CNY]]></fee_type><is_subscribe><![CDATA[Y]]></is_subscribe><mch_id><![CDATA[10030454]]></mch_id><nonce_str><![CDATA[7zkekerl7ql8e2si56nwpw1rdwk4ssh3]]></nonce_str><openid><![CDATA[o3ZYauOnS_g-qQ9bYISisG2MLfvE]]></openid><out_trade_no><![CDATA[2015052710249529]]></out_trade_no><result_code><![CDATA[SUCCESS]]></result_code><return_code><![CDATA[SUCCESS]]></return_code><sign><![CDATA[3135396EF49FCFA6086DCB4030D23761]]></sign><time_end><![CDATA[20150527193817]]></time_end><total_fee>10</total_fee><trade_type><![CDATA[JSAPI]]></trade_type><transaction_id><![CDATA[1000550374201505270173316539]]></transaction_id></xml>


